<?xml version="1.0" encoding="UTF-8"?>
<!-- Generated by org.testng.reporters.JUnitXMLReporter -->
<testsuite hostname="DESKTOP-DP6GTV0" name="Testng" tests="1" failures="1" timestamp="11 Jan 2020 06:32:33 GMT" time="0.046" errors="0">
  <testcase name="LoginTrue" time="0.004" classname="com.Test.cases.AddUserTest">
    <failure type="java.lang.NullPointerException">
      <![CDATA[java.lang.NullPointerException
	at java.net.URI$Parser.parse(URI.java:3042)
	at java.net.URI.<init>(URI.java:588)
	at java.net.URI.create(URI.java:850)
	at com.Test.utils.Request.post(Request.java:38)
	at com.Test.cases.AddUserTest.LoginTrue(AddUserTest.java:40)
... Removed 23 stack frames]]>
    </failure>
  </testcase> <!-- LoginTrue -->
</testsuite> <!-- Testng -->
