<?xml version="1.0" encoding="UTF-8"?>
<!-- Generated by org.testng.reporters.JUnitXMLReporter -->
<testsuite hostname="DESKTOP-DP6GTV0" name="Testng" tests="1" failures="1" timestamp="3 Dec 2019 06:36:53 GMT" time="0.657" errors="0">
  <testcase name="LoginTrue" time="0.614" classname="com.Test.cases.LoginTest">
    <failure type="org.apache.ibatis.binding.BindingException" message="Invalid bound statement (not found): com.Test.model.DBmodel.UsersMapper.selectOne">
      <![CDATA[org.apache.ibatis.binding.BindingException: Invalid bound statement (not found): com.Test.model.DBmodel.UsersMapper.selectOne
	at org.apache.ibatis.binding.MapperMethod$SqlCommand.<init>(MapperMethod.java:225)
	at org.apache.ibatis.binding.MapperMethod.<init>(MapperMethod.java:48)
	at org.apache.ibatis.binding.MapperProxy.cachedMapperMethod(MapperProxy.java:65)
	at org.apache.ibatis.binding.MapperProxy.invoke(MapperProxy.java:58)
	at com.sun.proxy.$Proxy4.selectOne(Unknown Source)
	at com.Test.cases.LoginTest.LoginTrue(LoginTest.java:44)
... Removed 23 stack frames]]>
    </failure>
  </testcase> <!-- LoginTrue -->
</testsuite> <!-- Testng -->
